2024-10-20T17:11:49.370534+08:00 INFO headless_chrome::browser::process - Launching Chrome binary at "/Applications/Google Chrome.app/Contents/MacOS/Google Chrome"
2024-10-20T17:11:49.370952+08:00 INFO headless_chrome::browser::process - Started Chrome. PID: 92991
2024-10-20T17:11:51.400431+08:00 INFO headless_chrome::browser::tab - Navigating a tab to https://www.xiaohongshu.com
2024-10-20T17:11:51.400522+08:00 INFO app::xhs::login - [XiaoHongShuLogin.begin] Begin login xiaohongshu ...
2024-10-20T17:11:51.400538+08:00 INFO app::xhs::login - [XiaoHongShuLogin.login_by_qrcode] Begin login xiaohongshu by qrcode ...
2024-10-20T17:11:51.400551+08:00 INFO app::tools::crawler_util - find_login_qrcode start selector img.qrcode-img
2024-10-20T17:11:54.242947+08:00 INFO app::tools::crawler_util - find_login_qrcode element: Element 79
2024-10-20T17:11:54.547847+08:00 INFO app::xhs::login - [XiaoHongShuLogin.login_by_qrcode] waiting for scan code login, remaining time is 120s
2024-10-20T17:11:54.675009+08:00 INFO app::xhs::login - [XiaoHongShuLogin.login_by_qrcode] Waiting for QR code scan...
2024-10-20T17:11:55.813520+08:00 INFO app::xhs::login - [XiaoHongShuLogin.login_by_qrcode] Waiting for QR code scan...
2024-10-20T17:11:56.946097+08:00 INFO app::xhs::login - [XiaoHongShuLogin.login_by_qrcode] Waiting for QR code scan...
2024-10-20T17:11:58.073893+08:00 INFO app::xhs::login - [XiaoHongShuLogin.login_by_qrcode] Waiting for QR code scan...
2024-10-20T17:11:59.207070+08:00 INFO app::xhs::login - [XiaoHongShuLogin.login_by_qrcode] Waiting for QR code scan...
2024-10-20T17:12:00.334220+08:00 INFO app::xhs::login - [XiaoHongShuLogin.login_by_qrcode] Waiting for QR code scan...
2024-10-20T17:12:01.460202+08:00 INFO app::xhs::login - [XiaoHongShuLogin.login_by_qrcode] Waiting for QR code scan...
2024-10-20T17:12:02.595544+08:00 INFO app::xhs::login - [XiaoHongShuLogin.login_by_qrcode] Waiting for QR code scan...
2024-10-20T17:12:03.730390+08:00 INFO app::xhs::login - [XiaoHongShuLogin.login_by_qrcode] Waiting for QR code scan...
2024-10-20T17:12:04.855943+08:00 INFO app::xhs::login - [XiaoHongShuLogin.login_by_qrcode] Waiting for QR code scan...
2024-10-20T17:12:05.991030+08:00 INFO app::xhs::login - [XiaoHongShuLogin.login_by_qrcode] Waiting for QR code scan...
2024-10-20T17:12:07.132612+08:00 INFO app::xhs::login - [XiaoHongShuLogin.login_by_qrcode] Waiting for QR code scan...
2024-10-20T17:12:08.278152+08:00 INFO app::xhs::login - [XiaoHongShuLogin.login_by_qrcode] Waiting for QR code scan...
2024-10-20T17:12:09.419696+08:00 INFO app::xhs::login - [XiaoHongShuLogin.login_by_qrcode] Waiting for QR code scan...
2024-10-20T17:12:10.560123+08:00 INFO app::xhs::login - [XiaoHongShuLogin.login_by_qrcode] Waiting for QR code scan...
2024-10-20T17:12:11.689591+08:00 INFO app::xhs::login - [XiaoHongShuLogin.login_by_qrcode] Waiting for QR code scan...
2024-10-20T17:12:12.823987+08:00 INFO app::xhs::login - [XiaoHongShuLogin.login_by_qrcode] Waiting for QR code scan...
2024-10-20T17:12:13.947782+08:00 INFO app::xhs::login - [XiaoHongShuLogin.login_by_qrcode] Waiting for QR code scan...
2024-10-20T17:12:15.076558+08:00 INFO app::xhs::login - [XiaoHongShuLogin.login_by_qrcode] Waiting for QR code scan...
2024-10-20T17:12:16.213397+08:00 INFO app::xhs::login - [XiaoHongShuLogin.login_by_qrcode] Waiting for QR code scan...
2024-10-20T17:12:17.342136+08:00 INFO app::xhs::login - [XiaoHongShuLogin.login_by_qrcode] Waiting for QR code scan...
2024-10-20T17:12:18.475488+08:00 INFO app::xhs::login - [XiaoHongShuLogin.login_by_qrcode] Waiting for QR code scan...
2024-10-20T17:12:19.638129+08:00 INFO app::xhs::login - [XiaoHongShuLogin.login_by_qrcode] Login successful then wait for 5 seconds redirect ...
2024-10-20T17:12:24.639825+08:00 INFO app::xhs::login - [XiaoHongShuLogin.login_by_qrcode] end
2024-10-20T17:19:41.860069+08:00 INFO headless_chrome::browser::process - Launching Chrome binary at "/Applications/Google Chrome.app/Contents/MacOS/Google Chrome"
2024-10-20T17:19:41.860727+08:00 INFO headless_chrome::browser::process - Started Chrome. PID: 3344
2024-10-20T17:19:43.613239+08:00 INFO headless_chrome::browser::tab - Navigating a tab to https://www.xiaohongshu.com
2024-10-20T17:19:43.613310+08:00 INFO app::xhs::login - [XiaoHongShuLogin.begin] Begin login xiaohongshu ...
2024-10-20T17:19:43.613321+08:00 INFO app::xhs::login - [XiaoHongShuLogin.login_by_qrcode] Begin login xiaohongshu by qrcode ...
2024-10-20T17:19:43.613329+08:00 INFO app::tools::crawler_util - find_login_qrcode start selector img.qrcode-img
2024-10-20T17:19:47.810131+08:00 INFO app::tools::crawler_util - find_login_qrcode element: Element 80
2024-10-20T17:19:48.116157+08:00 INFO app::xhs::login - [XiaoHongShuLogin.login_by_qrcode] waiting for scan code login, remaining time is 120s
2024-10-20T17:19:48.291780+08:00 INFO app::xhs::login - [XiaoHongShuLogin.login_by_qrcode] Waiting for QR code scan...
2024-10-20T17:19:49.435520+08:00 INFO app::xhs::login - [XiaoHongShuLogin.login_by_qrcode] Waiting for QR code scan...
2024-10-20T17:19:50.566341+08:00 INFO app::xhs::login - [XiaoHongShuLogin.login_by_qrcode] Waiting for QR code scan...
2024-10-20T17:19:51.694238+08:00 INFO app::xhs::login - [XiaoHongShuLogin.login_by_qrcode] Waiting for QR code scan...
2024-10-20T17:19:52.827587+08:00 INFO app::xhs::login - [XiaoHongShuLogin.login_by_qrcode] Waiting for QR code scan...
2024-10-20T17:19:53.959629+08:00 INFO app::xhs::login - [XiaoHongShuLogin.login_by_qrcode] Waiting for QR code scan...
2024-10-20T17:19:55.091960+08:00 INFO app::xhs::login - [XiaoHongShuLogin.login_by_qrcode] Waiting for QR code scan...
2024-10-20T17:19:56.233417+08:00 INFO app::xhs::login - [XiaoHongShuLogin.login_by_qrcode] Waiting for QR code scan...
2024-10-20T17:19:57.356193+08:00 INFO app::xhs::login - [XiaoHongShuLogin.login_by_qrcode] Login successful then wait for 5 seconds redirect ...
2024-10-20T17:20:02.358386+08:00 INFO app::xhs::login - [XiaoHongShuLogin.login_by_qrcode] end
2024-10-20T17:20:02.358586+08:00 INFO app - login success
2024-10-21T07:01:42.740425+08:00 INFO headless_chrome::browser::process - Launching Chrome binary at "/Applications/Google Chrome.app/Contents/MacOS/Google Chrome"
2024-10-21T07:01:42.741685+08:00 INFO headless_chrome::browser::process - Started Chrome. PID: 56992
2024-10-21T07:01:45.084831+08:00 INFO headless_chrome::browser::tab - Navigating a tab to https://www.xiaohongshu.com
2024-10-21T07:01:45.085001+08:00 INFO app::xhs::login - [XiaoHongShuLogin.begin] Begin login xiaohongshu ...
2024-10-21T07:01:45.085056+08:00 INFO app::xhs::login - [XiaoHongShuLogin.login_by_qrcode] Begin login xiaohongshu by qrcode ...
2024-10-21T07:01:45.085090+08:00 INFO app::tools::crawler_util - find_login_qrcode start selector img.qrcode-img
2024-10-21T07:01:51.685962+08:00 INFO app::tools::crawler_util - find_login_qrcode element: Element 26
2024-10-21T07:01:51.891216+08:00 INFO app::xhs::login - [XiaoHongShuLogin.login_by_qrcode] waiting for scan code login, remaining time is 120s
2024-10-21T07:01:52.117100+08:00 INFO app::xhs::login - [XiaoHongShuLogin.login_by_qrcode] Waiting for QR code scan...
2024-10-21T07:01:53.250095+08:00 INFO app::xhs::login - [XiaoHongShuLogin.login_by_qrcode] Waiting for QR code scan...
2024-10-21T07:01:54.392381+08:00 INFO app::xhs::login - [XiaoHongShuLogin.login_by_qrcode] Waiting for QR code scan...
2024-10-21T07:01:55.534871+08:00 INFO app::xhs::login - [XiaoHongShuLogin.login_by_qrcode] Waiting for QR code scan...
2024-10-21T07:01:56.678714+08:00 INFO app::xhs::login - [XiaoHongShuLogin.login_by_qrcode] Waiting for QR code scan...
2024-10-21T07:01:57.818862+08:00 INFO app::xhs::login - [XiaoHongShuLogin.login_by_qrcode] Waiting for QR code scan...
2024-10-21T07:01:58.968233+08:00 INFO app::xhs::login - [XiaoHongShuLogin.login_by_qrcode] Waiting for QR code scan...
2024-10-21T07:02:00.110797+08:00 INFO app::xhs::login - [XiaoHongShuLogin.login_by_qrcode] Waiting for QR code scan...
2024-10-21T07:02:01.253606+08:00 INFO app::xhs::login - [XiaoHongShuLogin.login_by_qrcode] Waiting for QR code scan...
2024-10-21T07:02:02.397645+08:00 INFO app::xhs::login - [XiaoHongShuLogin.login_by_qrcode] Waiting for QR code scan...
2024-10-21T07:02:03.540154+08:00 INFO app::xhs::login - [XiaoHongShuLogin.login_by_qrcode] Waiting for QR code scan...
2024-10-21T07:02:04.683128+08:00 INFO app::xhs::login - [XiaoHongShuLogin.login_by_qrcode] Waiting for QR code scan...
2024-10-21T07:02:05.823868+08:00 INFO app::xhs::login - [XiaoHongShuLogin.login_by_qrcode] Waiting for QR code scan...
2024-10-21T07:02:06.966466+08:00 INFO app::xhs::login - [XiaoHongShuLogin.login_by_qrcode] Waiting for QR code scan...
2024-10-21T07:02:08.109753+08:00 INFO app::xhs::login - [XiaoHongShuLogin.login_by_qrcode] Waiting for QR code scan...
2024-10-21T07:02:09.229650+08:00 INFO app::xhs::login - [XiaoHongShuLogin.login_by_qrcode] Login successful then wait for 5 seconds redirect ...
2024-10-21T07:02:14.231520+08:00 INFO app::xhs::login - [XiaoHongShuLogin.login_by_qrcode] end
2024-10-21T07:02:14.231913+08:00 INFO app - login success
2024-10-21T07:30:10.696309+08:00 INFO headless_chrome::browser::process - Launching Chrome binary at "/Applications/Google Chrome.app/Contents/MacOS/Google Chrome"
2024-10-21T07:30:10.697531+08:00 INFO headless_chrome::browser::process - Started Chrome. PID: 86333
2024-10-21T07:30:12.617022+08:00 INFO headless_chrome::browser::tab - Navigating a tab to https://www.xiaohongshu.com
2024-10-21T07:30:12.617308+08:00 INFO app::xhs::login - [XiaoHongShuLogin.begin] Begin login xiaohongshu ...
2024-10-21T07:30:12.617434+08:00 INFO app::xhs::login - [XiaoHongShuLogin.login_by_qrcode] Begin login xiaohongshu by qrcode ...
2024-10-21T07:30:12.617522+08:00 INFO app::tools::crawler_util - find_login_qrcode start selector xpath=//img[@class='qrcode-img']
2024-10-21T07:47:55.458964+08:00 INFO headless_chrome::browser::process - Launching Chrome binary at "/Applications/Google Chrome.app/Contents/MacOS/Google Chrome"
2024-10-21T07:47:55.459388+08:00 INFO headless_chrome::browser::process - Started Chrome. PID: 90415
2024-10-21T07:47:57.967041+08:00 INFO headless_chrome::browser::tab - Navigating a tab to https://www.xiaohongshu.com
2024-10-21T07:47:57.967126+08:00 INFO app::xhs::login - [XiaoHongShuLogin.begin] Begin login xiaohongshu ...
2024-10-21T07:47:57.967138+08:00 INFO app::xhs::login - [XiaoHongShuLogin.login_by_qrcode] Begin login xiaohongshu by qrcode ...
2024-10-21T07:47:57.967159+08:00 INFO app::tools::crawler_util - find_login_qrcode start selector img.qrcode-img]
2024-10-21T07:49:20.838465+08:00 INFO headless_chrome::browser::process - Launching Chrome binary at "/Applications/Google Chrome.app/Contents/MacOS/Google Chrome"
2024-10-21T07:49:20.840565+08:00 INFO headless_chrome::browser::process - Started Chrome. PID: 92280
2024-10-21T07:49:22.530652+08:00 INFO headless_chrome::browser::tab - Navigating a tab to https://www.xiaohongshu.com
2024-10-21T07:49:22.530803+08:00 INFO app::xhs::login - [XiaoHongShuLogin.begin] Begin login xiaohongshu ...
2024-10-21T07:49:22.530825+08:00 INFO app::xhs::login - [XiaoHongShuLogin.login_by_qrcode] Begin login xiaohongshu by qrcode ...
2024-10-21T07:49:22.530863+08:00 INFO app::tools::crawler_util - find_login_qrcode start selector img.qrcode-img
2024-10-21T07:49:41.818845+08:00 INFO app::tools::crawler_util - find_login_qrcode element: Element 81
2024-10-21T07:49:42.173923+08:00 INFO app::xhs::login - [XiaoHongShuLogin.login_by_qrcode] Login successful
2024-10-21T07:49:42.174342+08:00 INFO app - 登录成功
2024-10-21T07:55:09.990552+08:00 ERROR headless_chrome::browser - Got a timeout while listening for browser events (Chrome #Some(92280))
2024-10-21T07:55:09.992725+08:00 INFO headless_chrome::browser - Finished browser's event handling loop
2024-10-21T07:58:03.951794+08:00 WARN headless_chrome::browser::transport - Couldn't send browser an event: "TargetCreated(TargetCreatedEvent { params: TargetCreatedEventParams { target_info: TargetInfo { target_id: \"487ACF194167DE3144C1024A120A8AFA\", Type: \"page\", title: \"\", url: \"about:blank\", attached: false, opener_id: None, can_access_opener: false, opener_frame_id: None, browser_context_id: Some(\"8D2807BDEB869691DD108463E2405D53\") } } })"
SendError { .. }
2024-10-21T07:58:03.951982+08:00 INFO headless_chrome::browser::transport - Shutting down message handling loop
2024-10-21T07:58:03.962446+08:00 INFO headless_chrome::browser::transport::web_socket_connection - Sending shutdown message to message handling loop
2024-10-21T07:58:03.964077+08:00 INFO headless_chrome::browser::transport - cleared listeners, I think
2024-10-21T07:58:03.964303+08:00 INFO headless_chrome::browser::tab - finished tab's event handling loop
2024-10-21T07:58:03.965568+08:00 INFO headless_chrome::browser::tab - finished tab's event handling loop
2024-10-21T08:00:10.839569+08:00 INFO headless_chrome::browser::process - Launching Chrome binary at "/Applications/Google Chrome.app/Contents/MacOS/Google Chrome"
2024-10-21T08:00:10.840718+08:00 INFO headless_chrome::browser::process - Started Chrome. PID: 93987
2024-10-21T08:00:12.381916+08:00 INFO headless_chrome::browser::tab - Navigating a tab to https://www.xiaohongshu.com
2024-10-21T08:00:12.382048+08:00 INFO app::xhs::login - [XiaoHongShuLogin.begin] Begin login xiaohongshu ...
2024-10-21T08:00:12.382070+08:00 INFO app::xhs::login - [XiaoHongShuLogin.login_by_qrcode] Begin login xiaohongshu by qrcode ...
2024-10-21T08:00:12.382103+08:00 INFO app::tools::crawler_util - find_login_qrcode start selector img.qrcode-img
2024-10-21T08:00:16.190155+08:00 INFO app::tools::crawler_util - find_login_qrcode element: Element 78
2024-10-21T08:00:16.448879+08:00 INFO app::xhs::login - [XiaoHongShuLogin.login_by_qrcode] Login successful
2024-10-21T08:00:16.449239+08:00 INFO app - 登录成功
2024-10-21T08:00:57.971816+08:00 INFO headless_chrome::browser::tab - Navigating a tab to https://www.xiaohongshu.com
2024-10-21T08:00:57.971943+08:00 INFO app::xhs::login - [XiaoHongShuLogin.begin] Begin login xiaohongshu ...
2024-10-21T08:00:57.971970+08:00 INFO app::xhs::login - [XiaoHongShuLogin.login_by_qrcode] Begin login xiaohongshu by qrcode ...
2024-10-21T08:00:57.971991+08:00 INFO app::tools::crawler_util - find_login_qrcode start selector img.qrcode-img
2024-10-21T08:01:03.700176+08:00 INFO app::tools::crawler_util - find_login_qrcode element: Element 75
2024-10-21T08:01:04.127892+08:00 INFO app::xhs::login - [XiaoHongShuLogin.login_by_qrcode] Login successful
2024-10-21T08:01:04.128017+08:00 INFO app - 登录成功
2024-10-21T08:02:12.286702+08:00 INFO headless_chrome::browser::tab - Navigating a tab to https://www.xiaohongshu.com
2024-10-21T08:02:12.287161+08:00 INFO app::xhs::login - [XiaoHongShuLogin.begin] Begin login xiaohongshu ...
2024-10-21T08:02:12.287191+08:00 INFO app::xhs::login - [XiaoHongShuLogin.login_by_qrcode] Begin login xiaohongshu by qrcode ...
2024-10-21T08:02:12.287210+08:00 INFO app::tools::crawler_util - find_login_qrcode start selector img.qrcode-img
2024-10-21T08:02:17.084302+08:00 INFO app::tools::crawler_util - find_login_qrcode element: Element 82
2024-10-21T08:02:17.314342+08:00 INFO app::xhs::login - [XiaoHongShuLogin.login_by_qrcode] Login successful
2024-10-21T08:02:17.314483+08:00 INFO app - 登录成功
2024-10-21T08:02:28.527362+08:00 INFO headless_chrome::browser::tab - Navigating a tab to https://www.xiaohongshu.com
2024-10-21T08:02:28.527450+08:00 INFO app::xhs::login - [XiaoHongShuLogin.begin] Begin login xiaohongshu ...
2024-10-21T08:02:28.527463+08:00 INFO app::xhs::login - [XiaoHongShuLogin.login_by_qrcode] Begin login xiaohongshu by qrcode ...
2024-10-21T08:02:28.527473+08:00 INFO app::tools::crawler_util - find_login_qrcode start selector img.qrcode-img
2024-10-21T08:02:31.420750+08:00 INFO app::tools::crawler_util - find_login_qrcode element: Element 82
2024-10-21T08:02:31.956583+08:00 INFO app::xhs::login - [XiaoHongShuLogin.login_by_qrcode] Login successful
2024-10-21T08:02:31.956696+08:00 INFO app - 登录成功
2024-10-21T08:07:41.848127+08:00 ERROR headless_chrome::browser - Got a timeout while listening for browser events (Chrome #Some(93987))
2024-10-21T08:07:41.859791+08:00 INFO headless_chrome::browser - Finished browser's event handling loop
2024-10-21T08:31:03.073354+08:00 WARN headless_chrome::browser::transport - Couldn't send browser an event: "TargetInfoChanged(TargetInfoChangedEvent { params: TargetInfoChangedEventParams { target_info: TargetInfo { target_id: \"1A7F66ECD77C52C89C6D9D3059D31B38\", Type: \"page\", title: \"小红书 - 你的生活指南\", url: \"https://www.xiaohongshu.com/explore\", attached: true, opener_id: None, can_access_opener: false, opener_frame_id: None, browser_context_id: Some(\"419AC1654EFBA8CDAC8371F0D25DFBA0\") } } })"
SendError { .. }
2024-10-21T08:31:03.073915+08:00 INFO headless_chrome::browser::transport - Shutting down message handling loop
2024-10-21T08:31:03.080077+08:00 INFO headless_chrome::browser::transport::web_socket_connection - Sending shutdown message to message handling loop
2024-10-21T08:31:03.081408+08:00 INFO headless_chrome::browser::tab - finished tab's event handling loop
2024-10-21T08:31:03.082170+08:00 INFO headless_chrome::browser::tab - finished tab's event handling loop
2024-10-21T08:31:03.082320+08:00 INFO headless_chrome::browser::tab - finished tab's event handling loop
2024-10-21T08:31:03.082508+08:00 INFO headless_chrome::browser::transport - cleared listeners, I think
2024-10-21T08:31:03.082540+08:00 INFO headless_chrome::browser::tab - finished tab's event handling loop
2024-10-21T08:31:03.082696+08:00 INFO headless_chrome::browser::tab - finished tab's event handling loop
